This is pdfTeX, Version 3.141592653-2.6-1.40.22 (TeX Live 2021/Arch Linux) (preloaded format=pdflatex 2021.5.24)  10 JUL 2021 15:56
entering extended mode
 restricted \write18 enabled.
 file:line:error style messages enabled.
 %&-line parsing enabled.
**/home/mir/Disk/Projects/LaTeX/Zpevnik/main.tex
(/home/mir/Disk/Projects/LaTeX/Zpevnik/main.tex
LaTeX2e <2020-10-01> patch level 4
L3 programming layer <2021-02-18> (/usr/share/texmf-dist/tex/latex/base/article.cls
Document Class: article 2020/04/10 v1.4m Standard LaTeX document class
(/usr/share/texmf-dist/tex/latex/base/size10.clo
File: size10.clo 2020/04/10 v1.4m Standard LaTeX file (size option)
)
\c@part=\count179
\c@section=\count180
\c@subsection=\count181
\c@subsubsection=\count182
\c@paragraph=\count183
\c@subparagraph=\count184
\c@figure=\count185
\c@table=\count186
\abovecaptionskip=\skip47
\belowcaptionskip=\skip48
\bibindent=\dimen138
) (/usr/share/texmf-dist/tex/latex/base/inputenc.sty
Package: inputenc 2020/08/01 v1.3d Input encoding file
\inpenc@prehook=\toks15
\inpenc@posthook=\toks16
) (/usr/share/texmf-dist/tex/generic/babel/babel.sty
Package: babel 2021/03/24 3.56 The Babel package
 (/usr/share/texmf-dist/tex/generic/babel/babel.def
File: babel.def 2021/03/24 3.56 Babel common definitions
\babel@savecnt=\count187
\U@D=\dimen139
\l@babelnohyphens=\language87
 (/usr/share/texmf-dist/tex/generic/babel/txtbabel.def)
\bbl@readstream=\read2
)
\bbl@dirlevel=\count188
 (/usr/share/texmf-dist/tex/generic/babel-czech/czech.ldf
Language: czech 2008/07/06 v3.1a Czech support from the babel system
Package babel Info: Making " an active character on input line 172.
\cs@wordlen=\count189
Package babel Info: Making - an active character on input line 226.
)) (/usr/share/texmf-dist/tex/latex/graphics/graphicx.sty
Package: graphicx 2020/09/09 v1.2b Enhanced LaTeX Graphics (DPC,SPQR)
 (/usr/share/texmf-dist/tex/latex/graphics/keyval.sty
Package: keyval 2014/10/28 v1.15 key=value parser (DPC)
\KV@toks@=\toks17
) (/usr/share/texmf-dist/tex/latex/graphics/graphics.sty
Package: graphics 2020/08/30 v1.4c Standard LaTeX Graphics (DPC,SPQR)
 (/usr/share/texmf-dist/tex/latex/graphics/trig.sty
Package: trig 2016/01/03 v1.10 sin cos tan (DPC)
) (/usr/share/texmf-dist/tex/latex/graphics-cfg/graphics.cfg
File: graphics.cfg 2016/06/04 v1.11 sample graphics configuration
)
Package graphics Info: Driver file: pdftex.def on input line 105.
 (/usr/share/texmf-dist/tex/latex/graphics-def/pdftex.def
File: pdftex.def 2020/10/05 v1.2a Graphics/color driver for pdftex
))
\Gin@req@height=\dimen140
\Gin@req@width=\dimen141
) (/usr/share/texmf-dist/tex/latex/geometry/geometry.sty
Package: geometry 2020/01/02 v5.9 Page Geometry
 (/usr/share/texmf-dist/tex/generic/iftex/ifvtex.sty
Package: ifvtex 2019/10/25 v1.7 ifvtex legacy package. Use iftex instead.
 (/usr/share/texmf-dist/tex/generic/iftex/iftex.sty
Package: iftex 2020/03/06 v1.0d TeX engine tests
))
\Gm@cnth=\count190
\Gm@cntv=\count191
\c@Gm@tempcnt=\count192
\Gm@bindingoffset=\dimen142
\Gm@wd@mp=\dimen143
\Gm@odd@mp=\dimen144
\Gm@even@mp=\dimen145
\Gm@layoutwidth=\dimen146
\Gm@layoutheight=\dimen147
\Gm@layouthoffset=\dimen148
\Gm@layoutvoffset=\dimen149
\Gm@dimlist=\toks18
) (/usr/share/texmf-dist/tex/latex/roboto/roboto.sty
Package: roboto 2019/12/11 (Bob Tennent) Supports Roboto fonts for all LaTeX engines.
 (/usr/share/texmf-dist/tex/generic/iftex/ifxetex.sty
Package: ifxetex 2019/10/25 v0.7 ifxetex legacy package. Use iftex instead.
) (/usr/share/texmf-dist/tex/generic/iftex/ifluatex.sty
Package: ifluatex 2019/10/25 v1.5 ifluatex legacy package. Use iftex instead.
) (/usr/share/texmf-dist/tex/latex/xkeyval/xkeyval.sty
Package: xkeyval 2020/11/20 v2.8 package option processing (HA)
 (/usr/share/texmf-dist/tex/generic/xkeyval/xkeyval.tex (/usr/share/texmf-dist/tex/generic/xkeyval/xkvutils.tex
\XKV@toks=\toks19
\XKV@tempa@toks=\toks20
)
\XKV@depth=\count193
File: xkeyval.tex 2014/12/03 v2.7a key=value parser (HA)
)) (/usr/share/texmf-dist/tex/latex/base/textcomp.sty
Package: textcomp 2020/02/02 v2.0n Standard LaTeX package
) (/usr/share/texmf-dist/tex/latex/base/fontenc.sty
Package: fontenc 2020/08/10 v2.0s Standard LaTeX package
) (/usr/share/texmf-dist/tex/latex/fontaxes/fontaxes.sty
Package: fontaxes 2020/07/21 v1.0e Font selection axes
LaTeX Info: Redefining \upshape on input line 29.
LaTeX Info: Redefining \itshape on input line 31.
LaTeX Info: Redefining \slshape on input line 33.
LaTeX Info: Redefining \swshape on input line 35.
LaTeX Info: Redefining \scshape on input line 37.
LaTeX Info: Redefining \sscshape on input line 39.
LaTeX Info: Redefining \ulcshape on input line 41.
LaTeX Info: Redefining \textsw on input line 47.
LaTeX Info: Redefining \textssc on input line 48.
LaTeX Info: Redefining \textulc on input line 49.
)) (/usr/share/texmf-dist/tex/latex/leadsheets/leadsheets.sty (/usr/share/texmf-dist/tex/latex/l3kernel/expl3.sty
Package: expl3 2021-02-18 L3 programming layer (loader) 
 (/usr/share/texmf-dist/tex/latex/l3backend/l3backend-pdftex.def
File: l3backend-pdftex.def 2021-03-18 L3 backend support: PDF output (pdfTeX)
\l__color_backend_stack_int=\count194
\l__pdf_internal_box=\box47
)) (/usr/share/texmf-dist/tex/latex/l3packages/l3keys2e/l3keys2e.sty
Package: l3keys2e 2021-03-12 LaTeX2e option processing using LaTeX3 keys
) (/usr/share/texmf-dist/tex/latex/l3packages/xparse/xparse.sty (/usr/share/texmf-dist/tex/latex/l3packages/xparse/xparse-2020-10-01.sty (/usr/share/texmf-dist/tex/latex/l3packages/xparse/xparse-generic.tex))) (/usr/share/texmf-dist/tex/latex/translations/translations.sty
Package: translations 2021/01/17 v1.10a internationalization of LaTeX2e packages (CN)
 (/usr/share/texmf-dist/tex/latex/etoolbox/etoolbox.sty
Package: etoolbox 2020/10/05 v2.5k e-TeX tools for LaTeX (JAW)
\etb@tempcnta=\count195
) (/usr/share/texmf-dist/tex/generic/pdftexcmds/pdftexcmds.sty
Package: pdftexcmds 2020-06-27 v0.33 Utility functions of pdfTeX for LuaTeX (HO)
 (/usr/share/texmf-dist/tex/generic/infwarerr/infwarerr.sty
Package: infwarerr 2019/12/03 v1.5 Providing info/warning/error messages (HO)
) (/usr/share/texmf-dist/tex/generic/ltxcmds/ltxcmds.sty
Package: ltxcmds 2020-05-10 v1.25 LaTeX kernel commands for general use (HO)
)
Package pdftexcmds Info: \pdf@primitive is available.
Package pdftexcmds Info: \pdf@ifprimitive is available.
Package pdftexcmds Info: \pdfdraftmode found.
))
Package: leadsheets 2019/10/02 v0.6 Typesettingleadsheetsandsongbooks (CN)
\l__leadsheets_tmpa_dim=\dimen150
\l__leadsheets_tmpa_int=\count196
\l__leadsheets_tmpb_int=\count197
\l__leadsheets_tmpc_int=\count198
\l__leadsheets_tmpa_box=\box48
(leadsheets)    Loading library `songs'...
 (/usr/share/texmf-dist/tex/latex/leadsheets/leadsheets.library.songs.code.tex
File: leadsheets.library.songs.code.tex 2019/10/02 v0.6 leadsheets library `songs' 2019/10/02 typesetting songs
\l__leadsheets_transpose_steps_int=\count199
\l__leadsheets_capo_int=\count266
\g__leadsheets_song_id_int=\count267
\l__leadsheets_obey_parskip_skip=\skip49
\l__leadsheets_obey_parindent_skip=\skip50
(leadsheets)    Loading library `musicsymbols'...
 (/usr/share/texmf-dist/tex/latex/leadsheets/leadsheets.library.musicsymbols.code.tex
File: leadsheets.library.musicsymbols.code.tex 2019/10/02 v0.6 leadsheets library `musicsymbols' 2016/02/15 musical symbols
 (/usr/share/texmf-dist/tex/latex/amsmath/amsmath.sty
Package: amsmath 2020/09/23 v2.17i AMS math features
\@mathmargin=\skip51

For additional information on amsmath, use the `?' option.
(/usr/share/texmf-dist/tex/latex/amsmath/amstext.sty
Package: amstext 2000/06/29 v2.01 AMS text
 (/usr/share/texmf-dist/tex/latex/amsmath/amsgen.sty
File: amsgen.sty 1999/11/30 v2.0 generic functions
\@emptytoks=\toks21
\ex@=\dimen151
)) (/usr/share/texmf-dist/tex/latex/amsmath/amsbsy.sty
Package: amsbsy 1999/11/29 v1.2d Bold Symbols
\pmbraise@=\dimen152
) (/usr/share/texmf-dist/tex/latex/amsmath/amsopn.sty
Package: amsopn 2016/03/08 v2.02 operator names
)
\inf@bad=\count268
LaTeX Info: Redefining \frac on input line 234.
\uproot@=\count269
\leftroot@=\count270
LaTeX Info: Redefining \overline on input line 399.
\classnum@=\count271
\DOTSCASE@=\count272
LaTeX Info: Redefining \ldots on input line 496.
LaTeX Info: Redefining \dots on input line 499.
LaTeX Info: Redefining \cdots on input line 620.
\Mathstrutbox@=\box49
\strutbox@=\box50
\big@size=\dimen153
LaTeX Font Info:    Redeclaring font encoding OML on input line 743.
LaTeX Font Info:    Redeclaring font encoding OMS on input line 744.
\macc@depth=\count273
\c@MaxMatrixCols=\count274
\dotsspace@=\muskip16
\c@parentequation=\count275
\dspbrk@lvl=\count276
\tag@help=\toks22
\row@=\count277
\column@=\count278
\maxfields@=\count279
\andhelp@=\toks23
\eqnshift@=\dimen154
\alignsep@=\dimen155
\tagshift@=\dimen156
\tagwidth@=\dimen157
\totwidth@=\dimen158
\lineht@=\dimen159
\@envbody=\toks24
\multlinegap=\skip52
\multlinetaggap=\skip53
\mathdisplay@stack=\toks25
LaTeX Info: Redefining \[ on input line 2923.
LaTeX Info: Redefining \] on input line 2924.
)
\leadsheets@barheight=\skip54
)
(leadsheets)    Loading library `chordnames'...
 (/usr/share/texmf-dist/tex/latex/leadsheets/leadsheets.library.chordnames.code.tex
File: leadsheets.library.chordnames.code.tex 2019/10/02 v0.6 leadsheets library `chordnames' 2016/07/05 typesetting chord names with easy syntax
)
(leadsheets)    Loading library `chords'...
 (/usr/share/texmf-dist/tex/latex/leadsheets/leadsheets.library.chords.code.tex
File: leadsheets.library.chords.code.tex 2019/10/02 v0.6 leadsheets library `chords' 2016/07/02 printing chords
\l__leadsheets_empty_chord_dim=\dimen160
)
(leadsheets)    Loading library `shorthands'...
 (/usr/share/texmf-dist/tex/latex/leadsheets/leadsheets.library.shorthands.code.tex
File: leadsheets.library.shorthands.code.tex 2019/10/02 v0.6 leadsheets library `shorthands' 2016/06/29 definition and activation of shorthands
)
(leadsheets)    Loading library `properties'...
 (/usr/share/texmf-dist/tex/latex/leadsheets/leadsheets.library.properties.code.tex
File: leadsheets.library.properties.code.tex 2019/10/02 v0.6 leadsheets library `properties' 2016/05/18 song properties
)
(leadsheets)    Loading library `transposing'...
 (/usr/share/texmf-dist/tex/latex/leadsheets/leadsheets.library.transposing.code.tex
File: leadsheets.library.transposing.code.tex 2019/10/02 v0.6 leadsheets library `transposing' 2014/08/10 transposing of chord symbols
)
(leadsheets)    Loading library `templates'...
 (/usr/share/texmf-dist/tex/latex/leadsheets/leadsheets.library.templates.code.tex
File: leadsheets.library.templates.code.tex 2019/10/02 v0.6 leadsheets library `templates' 2014/08/10 template mechanism for song titles and verses
)
(leadsheets)    Loading library `translations'...
 (/usr/share/texmf-dist/tex/latex/leadsheets/leadsheets.library.translations.code.tex
File: leadsheets.library.translations.code.tex 2019/10/02 v0.6 leadsheets library `translations' 2016/06/28 dictionary for leadsheets
)
\c@verse=\count280
\c@verse*=\count281
\c@chorus=\count282
\c@chorus*=\count283
\c@intro=\count284
\c@intro*=\count285
\c@outro=\count286
\c@interlude=\count287
\c@bridge=\count288
\c@info=\count289
\c@solo*=\count290
\c@solo=\count291
)) (/usr/share/texmf-dist/tex/latex/tools/array.sty
Package: array 2020/10/01 v2.5c Tabular extension package (FMi)
\col@sep=\dimen161
\ar@mcellbox=\box51
\extrarowheight=\dimen162
\NC@list=\toks26
\extratabsurround=\skip55
\backup@length=\skip56
\ar@cellbox=\box52
) (/usr/share/texmf-dist/tex/latex/varwidth/varwidth.sty
Package: varwidth 2009/03/30 ver 0.92;  Variable-width minipages
\@vwid@box=\box53
\sift@deathcycles=\count292
\@vwid@loff=\dimen163
\@vwid@roff=\dimen164
) (/usr/share/texmf-dist/tex/latex/tocloft/tocloft.sty
Package: tocloft 2017/08/31 v2.3i parameterised ToC, etc., typesetting
Package tocloft Info: The document has section divisions on input line 51.
\cftparskip=\skip57
\cftbeforetoctitleskip=\skip58
\cftaftertoctitleskip=\skip59
\cftbeforepartskip=\skip60
\cftpartnumwidth=\skip61
\cftpartindent=\skip62
\cftbeforesecskip=\skip63
\cftsecindent=\skip64
\cftsecnumwidth=\skip65
\cftbeforesubsecskip=\skip66
\cftsubsecindent=\skip67
\cftsubsecnumwidth=\skip68
\cftbeforesubsubsecskip=\skip69
\cftsubsubsecindent=\skip70
\cftsubsubsecnumwidth=\skip71
\cftbeforeparaskip=\skip72
\cftparaindent=\skip73
\cftparanumwidth=\skip74
\cftbeforesubparaskip=\skip75
\cftsubparaindent=\skip76
\cftsubparanumwidth=\skip77
\cftbeforeloftitleskip=\skip78
\cftafterloftitleskip=\skip79
\cftbeforefigskip=\skip80
\cftfigindent=\skip81
\cftfignumwidth=\skip82
\c@lofdepth=\count293
\c@lotdepth=\count294
\cftbeforelottitleskip=\skip83
\cftafterlottitleskip=\skip84
\cftbeforetabskip=\skip85
\cfttabindent=\skip86
\cfttabnumwidth=\skip87
) (/usr/share/texmf-dist/tex/latex/tools/multicol.sty
Package: multicol 2019/12/09 v1.8y multicolumn formatting (FMi)
\c@tracingmulticols=\count295
\mult@box=\box54
\multicol@leftmargin=\dimen165
\c@unbalance=\count296
\c@collectmore=\count297
\doublecol@number=\count298
\multicoltolerance=\count299
\multicolpretolerance=\count300
\full@width=\dimen166
\page@free=\dimen167
\premulticols=\dimen168
\postmulticols=\dimen169
\multicolsep=\skip88
\multicolbaselineskip=\skip89
\partial@page=\box55
\last@line=\box56
\maxbalancingoverflow=\dimen170
\mult@rightbox=\box57
\mult@grightbox=\box58
\mult@gfirstbox=\box59
\mult@firstbox=\box60
\@tempa=\box61
\@tempa=\box62
\@tempa=\box63
\@tempa=\box64
\@tempa=\box65
\@tempa=\box66
\@tempa=\box67
\@tempa=\box68
\@tempa=\box69
\@tempa=\box70
\@tempa=\box71
\@tempa=\box72
\@tempa=\box73
\@tempa=\box74
\@tempa=\box75
\@tempa=\box76
\@tempa=\box77
\@tempa=\box78
\@tempa=\box79
\@tempa=\box80
\@tempa=\box81
\@tempa=\box82
\@tempa=\box83
\@tempa=\box84
\@tempa=\box85
\@tempa=\box86
\@tempa=\box87
\@tempa=\box88
\@tempa=\box89
\@tempa=\box90
\@tempa=\box91
\@tempa=\box92
\@tempa=\box93
\@tempa=\box94
\@tempa=\box95
\@tempa=\box96
\@tempa=\box97
\c@minrows=\count301
\c@columnbadness=\count302
\c@finalcolumnbadness=\count303
\last@try=\dimen171
\multicolovershoot=\dimen172
\multicolundershoot=\dimen173
\mult@nat@firstbox=\box98
\colbreak@box=\box99
\mc@col@check@num=\count304
)
LaTeX Font Info:    Trying to load font information for OT1+RobotoSlab-TLF on input line 65.
 (/usr/share/texmf-dist/tex/latex/roboto/OT1RobotoSlab-TLF.fd
File: OT1RobotoSlab-TLF.fd 2019/12/11 (autoinst) Font definitions for OT1/RobotoSlab-TLF.
)
LaTeX Font Info:    Font shape `OT1/RobotoSlab-TLF/m/n' aliased to
(Font)              `OT1/RobotoSlab-TLF/regular/n' on input line 65.
 (/home/mir/Disk/Projects/LaTeX/Zpevnik/main.aux (/home/mir/Disk/Projects/LaTeX/Zpevnik/songs/komin_a_brizy.aux) (/home/mir/Disk/Projects/LaTeX/Zpevnik/songs/pisen_o_lasce.aux) (/home/mir/Disk/Projects/LaTeX/Zpevnik/songs/prijdes_domu.aux) (/home/mir/Disk/Projects/LaTeX/Zpevnik/songs/laska.aux) (/home/mir/Disk/Projects/LaTeX/Zpevnik/songs/pole_trava_cinzaky.aux) (/home/mir/Disk/Projects/LaTeX/Zpevnik/songs/v_jezere_mleka_a_mlhy.aux) (/home/mir/Disk/Projects/LaTeX/Zpevnik/songs/boty_proti_lasce.aux) (/home/mir/Disk/Projects/LaTeX/Zpevnik/songs/orlice.aux) (/home/mir/Disk/Projects/LaTeX/Zpevnik/songs/valka-ruzi.aux) (/home/mir/Disk/Projects/LaTeX/Zpevnik/songs/krasojezdkyne.aux) (/home/mir/Disk/Projects/LaTeX/Zpevnik/songs/kde-jsou.aux) (/home/mir/Disk/Projects/LaTeX/Zpevnik/songs/stin-katedral.aux) (/home/mir/Disk/Projects/LaTeX/Zpevnik/songs/andelska.aux) (/home/mir/Disk/Projects/LaTeX/Zpevnik/songs/zpatky-do-trenek.aux) (/home/mir/Disk/Projects/LaTeX/Zpevnik/songs/to-se-u-nas-nemuze-stat.aux) (/home/mir/Disk/Projects/LaTeX/Zpevnik/songs/zasnuby.aux) (/home/mir/Disk/Projects/LaTeX/Zpevnik/songs/prazce.aux) (/home/mir/Disk/Projects/LaTeX/Zpevnik/songs/jesus-etc.aux) (/home/mir/Disk/Projects/LaTeX/Zpevnik/songs/sedi-topic-u-piana.aux) (/home/mir/Disk/Projects/LaTeX/Zpevnik/songs/nagasaki-hirosima.aux) (/home/mir/Disk/Projects/LaTeX/Zpevnik/songs/chuze.aux) (/home/mir/Disk/Projects/LaTeX/Zpevnik/songs/za-malou-chvili.aux) (/home/mir/Disk/Projects/LaTeX/Zpevnik/songs/david-a-golias.aux) (/home/mir/Disk/Projects/LaTeX/Zpevnik/songs/zephyr-song.aux) (/home/mir/Disk/Projects/LaTeX/Zpevnik/songs/zeme-je-kulata.aux) (/home/mir/Disk/Projects/LaTeX/Zpevnik/songs/styskani.aux) (/home/mir/Disk/Projects/LaTeX/Zpevnik/songs/femme-fatale.aux))
\openout1 = `main.aux'.

LaTeX Font Info:    Checking defaults for OML/cmm/m/it on input line 65.
LaTeX Font Info:    ... okay on input line 65.
LaTeX Font Info:    Checking defaults for OMS/cmsy/m/n on input line 65.
LaTeX Font Info:    ... okay on input line 65.
LaTeX Font Info:    Checking defaults for OT1/cmr/m/n on input line 65.
LaTeX Font Info:    ... okay on input line 65.
LaTeX Font Info:    Checking defaults for T1/cmr/m/n on input line 65.
LaTeX Font Info:    ... okay on input line 65.
LaTeX Font Info:    Checking defaults for TS1/cmr/m/n on input line 65.
LaTeX Font Info:    ... okay on input line 65.
LaTeX Font Info:    Checking defaults for OMX/cmex/m/n on input line 65.
LaTeX Font Info:    ... okay on input line 65.
LaTeX Font Info:    Checking defaults for U/cmr/m/n on input line 65.
LaTeX Font Info:    ... okay on input line 65.
 (/usr/share/texmf-dist/tex/context/base/mkii/supp-pdf.mkii
[Loading MPS to PDF converter (version 2006.09.02).]
\scratchcounter=\count305
\scratchdimen=\dimen174
\scratchbox=\box100
\nofMPsegments=\count306
\nofMParguments=\count307
\everyMPshowfont=\toks27
\MPscratchCnt=\count308
\MPscratchDim=\dimen175
\MPnumerator=\count309
\makeMPintoPDFobject=\count310
\everyMPtoPDFconversion=\toks28
) (/usr/share/texmf-dist/tex/latex/epstopdf-pkg/epstopdf-base.sty
Package: epstopdf-base 2020-01-24 v2.11 Base part for package epstopdf
Package epstopdf-base Info: Redefining graphics rule for `.eps' on input line 485.
 (/usr/share/texmf-dist/tex/latex/latexconfig/epstopdf-sys.cfg
File: epstopdf-sys.cfg 2010/07/13 v1.3 Configuration of (r)epstopdf for TeX Live
))
*geometry* driver: auto-detecting
*geometry* detected driver: pdftex
*geometry* verbose mode - [ preamble ] result:
* driver: pdftex
* paper: a4paper
* layout: <same size as paper>
* layoutoffset:(h,v)=(0.0pt,0.0pt)
* modes: 
* h-part:(L,W,R)=(89.62709pt, 418.25368pt, 89.6271pt)
* v-part:(T,H,B)=(101.40665pt, 591.5302pt, 152.11pt)
* \paperwidth=597.50787pt
* \paperheight=845.04684pt
* \textwidth=418.25368pt
* \textheight=591.5302pt
* \oddsidemargin=17.3571pt
* \evensidemargin=17.3571pt
* \topmargin=-7.86334pt
* \headheight=12.0pt
* \headsep=25.0pt
* \topskip=10.0pt
* \footskip=30.0pt
* \marginparwidth=65.0pt
* \marginparsep=11.0pt
* \columnsep=28.45274pt
* \skip\footins=9.0pt plus 4.0pt minus 2.0pt
* \hoffset=0.0pt
* \voffset=0.0pt
* \mag=1000
* \@twocolumnfalse
* \@twosidefalse
* \@mparswitchfalse
* \@reversemarginfalse
* (1in=72.27pt=25.4mm, 1cm=28.453pt)

\c@mv@tabular=\count311
\c@mv@boldtabular=\count312
Package translations Info: no dictionary file `translations-basic-dictionary-czech.trsl' found. on input line 65.
\openout2 = `songs/komin_a_brizy.aux'.

(/home/mir/Disk/Projects/LaTeX/Zpevnik/songs/komin_a_brizy.tex
LaTeX Font Info:    Font shape `OT1/RobotoSlab-TLF/m/n' aliased to
(Font)              `OT1/RobotoSlab-TLF/regular/n' on input line 45.
LaTeX Font Info:    Font shape `OT1/RobotoSlab-TLF/b/n' aliased to
(Font)              `OT1/RobotoSlab-TLF/bold/n' on input line 45.
LaTeX Font Info:    Font shape `OT1/RobotoSlab-TLF/m/n' aliased to
(Font)              `OT1/RobotoSlab-TLF/regular/n' on input line 45.
LaTeX Font Info:    Font shape `OT1/RobotoSlab-TLF/b/n' aliased to
(Font)              `OT1/RobotoSlab-TLF/bold/n' on input line 45.
LaTeX Font Info:    Font shape `OT1/RobotoSlab-TLF/b/n' aliased to
(Font)              `OT1/RobotoSlab-TLF/bold/n' on input line 45.

Underfull \hbox (badness 10000) in paragraph at lines 45--45

 []


Underfull \hbox (badness 10000) in paragraph at lines 45--45

 []


Underfull \hbox (badness 10000) in paragraph at lines 45--45

 []


Underfull \hbox (badness 10000) in paragraph at lines 45--45

 []

[1


{/var/lib/texmf/fonts/map/pdftex/updmap/pdftex.map}]) [2]
\openout2 = `songs/pisen_o_lasce.aux'.

 (/home/mir/Disk/Projects/LaTeX/Zpevnik/songs/pisen_o_lasce.tex
Underfull \hbox (badness 10000) in paragraph at lines 35--35

 []

LaTeX Font Info:    Font shape `U/musix/m/n' will be
(Font)              scaled to size 15.0pt on input line 35.

Underfull \hbox (badness 10000) in paragraph at lines 35--35

 []


Underfull \hbox (badness 10000) in paragraph at lines 35--35

 []


Underfull \hbox (badness 10000) in paragraph at lines 35--35

 []


Underfull \hbox (badness 10000) in paragraph at lines 35--35

 []


Underfull \hbox (badness 10000) in paragraph at lines 35--35

 []

[3



])
\openout2 = `songs/prijdes_domu.aux'.

 (/home/mir/Disk/Projects/LaTeX/Zpevnik/songs/prijdes_domu.tex) [4



]
\openout2 = `songs/laska.aux'.

 (/home/mir/Disk/Projects/LaTeX/Zpevnik/songs/laska.tex [5



] [6])
\openout2 = `songs/pole_trava_cinzaky.aux'.

 (/home/mir/Disk/Projects/LaTeX/Zpevnik/songs/pole_trava_cinzaky.tex
Underfull \hbox (badness 10000) in paragraph at lines 21--21

 []


Underfull \hbox (badness 10000) in paragraph at lines 21--21

 []

[7



])
\openout2 = `songs/v_jezere_mleka_a_mlhy.aux'.

 (/home/mir/Disk/Projects/LaTeX/Zpevnik/songs/v_jezere_mleka_a_mlhy.tex
LaTeX Font Info:    Font shape `OT1/RobotoSlab-TLF/m/sc' aliased to
(Font)              `OT1/RobotoSlab-TLF/regular/sc' on input line 29.
 [8



])
\openout2 = `songs/boty_proti_lasce.aux'.

 (/home/mir/Disk/Projects/LaTeX/Zpevnik/songs/boty_proti_lasce.tex
Underfull \hbox (badness 10000) in paragraph at lines 48--48

 []

LaTeX Font Info:    Font shape `U/musix/m/n' will be
(Font)              scaled to size 10.5pt on input line 48.

Underfull \hbox (badness 10000) in paragraph at lines 48--48

 []


Underfull \hbox (badness 10000) in paragraph at lines 48--48

 []


Underfull \hbox (badness 10000) in paragraph at lines 48--48

 []


Underfull \hbox (badness 10000) in paragraph at lines 48--48

 []


Underfull \hbox (badness 10000) in paragraph at lines 48--48

 []


Underfull \hbox (badness 10000) in paragraph at lines 48--48

 []


Underfull \hbox (badness 10000) in paragraph at lines 48--48

 []


Underfull \hbox (badness 10000) in paragraph at lines 48--48

 []


Underfull \hbox (badness 10000) in paragraph at lines 48--48

 []


Underfull \hbox (badness 10000) in paragraph at lines 48--48

 []


Underfull \hbox (badness 10000) in paragraph at lines 48--48

 []


Underfull \hbox (badness 10000) in paragraph at lines 48--48

 []


Underfull \hbox (badness 10000) in paragraph at lines 48--48

 []


Underfull \hbox (badness 10000) in paragraph at lines 48--48

 []

[9



])
Underfull \hbox (badness 10000) in paragraph at lines 48--81

 []

[10]
\openout2 = `songs/orlice.aux'.

 (/home/mir/Disk/Projects/LaTeX/Zpevnik/songs/orlice.tex
Package textcomp Info: Symbol \textasciiacute not provided by
(textcomp)             font family RobotoSlab-TLF in TS1 encoding.
(textcomp)             Default family used instead on input line 64.
Package textcomp Info: Symbol \textasciiacute not provided by
(textcomp)             font family RobotoSlab-TLF in TS1 encoding.
(textcomp)             Default family used instead on input line 64.
Package textcomp Info: Symbol \textasciiacute not provided by
(textcomp)             font family RobotoSlab-TLF in TS1 encoding.
(textcomp)             Default family used instead on input line 64.
 [11



]
Package textcomp Info: Symbol \textasciiacute not provided by
(textcomp)             font family RobotoSlab-TLF in TS1 encoding.
(textcomp)             Default family used instead on input line 64.
Package textcomp Info: Symbol \textasciiacute not provided by
(textcomp)             font family RobotoSlab-TLF in TS1 encoding.
(textcomp)             Default family used instead on input line 64.
Package textcomp Info: Symbol \textasciiacute not provided by
(textcomp)             font family RobotoSlab-TLF in TS1 encoding.
(textcomp)             Default family used instead on input line 64.
) [12]
\openout2 = `songs/valka-ruzi.aux'.

 (/home/mir/Disk/Projects/LaTeX/Zpevnik/songs/valka-ruzi.tex) [13



]
\openout2 = `songs/krasojezdkyne.aux'.

 (/home/mir/Disk/Projects/LaTeX/Zpevnik/songs/krasojezdkyne.tex
Underfull \hbox (badness 10000) in paragraph at lines 37--37

 []


Underfull \hbox (badness 10000) in paragraph at lines 37--37

 []


Underfull \hbox (badness 10000) in paragraph at lines 37--37

 []


Underfull \hbox (badness 10000) in paragraph at lines 37--37

 []


Underfull \hbox (badness 10000) in paragraph at lines 37--37

 []


Underfull \hbox (badness 10000) in paragraph at lines 37--37

 []


Underfull \hbox (badness 10000) in paragraph at lines 37--37

 []


Underfull \hbox (badness 10000) in paragraph at lines 37--37

 []

) [14



]
\openout2 = `songs/kde-jsou.aux'.

 (/home/mir/Disk/Projects/LaTeX/Zpevnik/songs/kde-jsou.tex
Underfull \hbox (badness 10000) in paragraph at lines 26--26

 []


Underfull \hbox (badness 10000) in paragraph at lines 26--26

 []


Underfull \hbox (badness 10000) in paragraph at lines 26--26

 []


Underfull \hbox (badness 10000) in paragraph at lines 26--26

 []

) [15



]
\openout2 = `songs/stin-katedral.aux'.

 (/home/mir/Disk/Projects/LaTeX/Zpevnik/songs/stin-katedral.tex
Underfull \hbox (badness 10000) in paragraph at lines 41--41

 []


Underfull \hbox (badness 10000) in paragraph at lines 41--41

 []


Underfull \hbox (badness 10000) in paragraph at lines 41--41

 []


Underfull \hbox (badness 10000) in paragraph at lines 41--41

 []


Underfull \hbox (badness 10000) in paragraph at lines 41--41

 []


Underfull \hbox (badness 10000) in paragraph at lines 41--41

 []

) [16



]
\openout2 = `songs/andelska.aux'.

 (/home/mir/Disk/Projects/LaTeX/Zpevnik/songs/andelska.tex
Underfull \hbox (badness 10000) in paragraph at lines 61--61

 []


Underfull \hbox (badness 10000) in paragraph at lines 61--61

 []


Underfull \hbox (badness 10000) in paragraph at lines 61--61

 []


Underfull \hbox (badness 10000) in paragraph at lines 61--61

 []


Underfull \hbox (badness 10000) in paragraph at lines 61--61

 []


Underfull \hbox (badness 10000) in paragraph at lines 61--61

 []


Underfull \hbox (badness 10000) in paragraph at lines 61--61

 []


Underfull \hbox (badness 10000) in paragraph at lines 61--61

 []

) [17



]
\openout2 = `songs/zpatky-do-trenek.aux'.

 (/home/mir/Disk/Projects/LaTeX/Zpevnik/songs/zpatky-do-trenek.tex [18



]) [19]
\openout2 = `songs/to-se-u-nas-nemuze-stat.aux'.

 (/home/mir/Disk/Projects/LaTeX/Zpevnik/songs/to-se-u-nas-nemuze-stat.tex
Underfull \hbox (badness 10000) in paragraph at lines 52--52

 []


Underfull \hbox (badness 10000) in paragraph at lines 52--52

 []


Underfull \hbox (badness 10000) in paragraph at lines 52--52

 []


Underfull \hbox (badness 10000) in paragraph at lines 52--52

 []


Underfull \hbox (badness 10000) in paragraph at lines 52--52

 []


Underfull \hbox (badness 10000) in paragraph at lines 52--52

 []


Underfull \hbox (badness 10000) in paragraph at lines 52--52

 []


Underfull \hbox (badness 10000) in paragraph at lines 52--52

 []


Underfull \hbox (badness 10000) in paragraph at lines 52--52

 []


Underfull \hbox (badness 10000) in paragraph at lines 52--52

 []


Underfull \hbox (badness 10000) in paragraph at lines 52--52

 []


Underfull \hbox (badness 10000) in paragraph at lines 52--52

 []


Underfull \hbox (badness 10000) in paragraph at lines 52--52

 []


Underfull \hbox (badness 10000) in paragraph at lines 52--52

 []

) [20



] [21]
\openout2 = `songs/zasnuby.aux'.

 (/home/mir/Disk/Projects/LaTeX/Zpevnik/songs/zasnuby.tex
Underfull \hbox (badness 10000) in paragraph at lines 50--50
\OT1/RobotoSlab-TLF/regular/n/10 jakysi chlap, svi[]na[]cisko, grazl
 []


Underfull \hbox (badness 10000) in paragraph at lines 50--50
[] \OT1/RobotoSlab-TLF/regular/n/10 d[]evucha, [] e[]st[]e ni-kdy
 []


Underfull \hbox (badness 10000) in paragraph at lines 50--50
\OT1/RobotoSlab-TLF/regular/n/10 jakysi chlap, svi[]na[]cisko, grazl
 []


Underfull \hbox (badness 10000) in paragraph at lines 50--50
[] \OT1/RobotoSlab-TLF/regular/n/10 d[]evucha, [] e[]st[]e ni-kdy
 []

) [22



]
\openout2 = `songs/prazce.aux'.

 (/home/mir/Disk/Projects/LaTeX/Zpevnik/songs/prazce.tex) [23



]
\openout2 = `songs/jesus-etc.aux'.

 (/home/mir/Disk/Projects/LaTeX/Zpevnik/songs/jesus-etc.tex [24



]) [25]
\openout2 = `songs/sedi-topic-u-piana.aux'.

 (/home/mir/Disk/Projects/LaTeX/Zpevnik/songs/sedi-topic-u-piana.tex) [26



]
\openout2 = `songs/nagasaki-hirosima.aux'.

 (/home/mir/Disk/Projects/LaTeX/Zpevnik/songs/nagasaki-hirosima.tex) [27



]
\openout2 = `songs/chuze.aux'.

 (/home/mir/Disk/Projects/LaTeX/Zpevnik/songs/chuze.tex
Underfull \hbox (badness 10000) in paragraph at lines 34--34

 []


Underfull \hbox (badness 10000) in paragraph at lines 34--34

 []

) [28



]
\openout2 = `songs/za-malou-chvili.aux'.

 (/home/mir/Disk/Projects/LaTeX/Zpevnik/songs/za-malou-chvili.tex) [29



]
\openout2 = `songs/david-a-golias.aux'.

 (/home/mir/Disk/Projects/LaTeX/Zpevnik/songs/david-a-golias.tex [30



]) [31]
\openout2 = `songs/zephyr-song.aux'.

 (/home/mir/Disk/Projects/LaTeX/Zpevnik/songs/zephyr-song.tex) [32



]
\openout2 = `songs/zeme-je-kulata.aux'.

 (/home/mir/Disk/Projects/LaTeX/Zpevnik/songs/zeme-je-kulata.tex) [33



]
\openout2 = `songs/styskani.aux'.

 (/home/mir/Disk/Projects/LaTeX/Zpevnik/songs/styskani.tex) [34



]
\openout2 = `songs/femme-fatale.aux'.

 (/home/mir/Disk/Projects/LaTeX/Zpevnik/songs/femme-fatale.tex) [35



] (/home/mir/Disk/Projects/LaTeX/Zpevnik/main.aux (/home/mir/Disk/Projects/LaTeX/Zpevnik/songs/komin_a_brizy.aux) (/home/mir/Disk/Projects/LaTeX/Zpevnik/songs/pisen_o_lasce.aux) (/home/mir/Disk/Projects/LaTeX/Zpevnik/songs/prijdes_domu.aux) (/home/mir/Disk/Projects/LaTeX/Zpevnik/songs/laska.aux) (/home/mir/Disk/Projects/LaTeX/Zpevnik/songs/pole_trava_cinzaky.aux) (/home/mir/Disk/Projects/LaTeX/Zpevnik/songs/v_jezere_mleka_a_mlhy.aux) (/home/mir/Disk/Projects/LaTeX/Zpevnik/songs/boty_proti_lasce.aux) (/home/mir/Disk/Projects/LaTeX/Zpevnik/songs/orlice.aux) (/home/mir/Disk/Projects/LaTeX/Zpevnik/songs/valka-ruzi.aux) (/home/mir/Disk/Projects/LaTeX/Zpevnik/songs/krasojezdkyne.aux) (/home/mir/Disk/Projects/LaTeX/Zpevnik/songs/kde-jsou.aux) (/home/mir/Disk/Projects/LaTeX/Zpevnik/songs/stin-katedral.aux) (/home/mir/Disk/Projects/LaTeX/Zpevnik/songs/andelska.aux) (/home/mir/Disk/Projects/LaTeX/Zpevnik/songs/zpatky-do-trenek.aux) (/home/mir/Disk/Projects/LaTeX/Zpevnik/songs/to-se-u-nas-nemuze-stat.aux) (/home/mir/Disk/Projects/LaTeX/Zpevnik/songs/zasnuby.aux) (/home/mir/Disk/Projects/LaTeX/Zpevnik/songs/prazce.aux) (/home/mir/Disk/Projects/LaTeX/Zpevnik/songs/jesus-etc.aux) (/home/mir/Disk/Projects/LaTeX/Zpevnik/songs/sedi-topic-u-piana.aux) (/home/mir/Disk/Projects/LaTeX/Zpevnik/songs/nagasaki-hirosima.aux) (/home/mir/Disk/Projects/LaTeX/Zpevnik/songs/chuze.aux) (/home/mir/Disk/Projects/LaTeX/Zpevnik/songs/za-malou-chvili.aux) (/home/mir/Disk/Projects/LaTeX/Zpevnik/songs/david-a-golias.aux) (/home/mir/Disk/Projects/LaTeX/Zpevnik/songs/zephyr-song.aux) (/home/mir/Disk/Projects/LaTeX/Zpevnik/songs/zeme-je-kulata.aux) (/home/mir/Disk/Projects/LaTeX/Zpevnik/songs/styskani.aux) (/home/mir/Disk/Projects/LaTeX/Zpevnik/songs/femme-fatale.aux)) ) 
Here is how much of TeX's memory you used:
 8061 strings out of 478994
 170088 string characters out of 5864751
 487276 words of memory out of 5000000
 25233 multiletter control sequences out of 15000+600000
 415783 words of font info for 48 fonts, out of 8000000 for 9000
 1141 hyphenation exceptions out of 8191
 112i,12n,119p,327b,570s stack positions out of 5000i,500n,10000p,200000b,80000s
{/usr/share/texmf-dist/fonts/enc/dvips/cm-super/cm-super-ts1.enc}{/usr/share/texmf-dist/fonts/enc/dvips/roboto/rbto_iqgrsz.enc}{/usr/share/texmf-dist/fonts/enc/dvips/roboto/rbto_ddkove.enc}</usr/share/texmf-dist/fonts/type1/google/roboto/RobotoSlab-Bold.pfb></usr/share/texmf-dist/fonts/type1/google/roboto/RobotoSlab-Regular.pfb></usr/share/texmf-dist/fonts/type1/public/amsfonts/cm/cmsy10.pfb></usr/share/texmf-dist/fonts/type1/public/musixtex-fonts/musix11.pfb></usr/share/texmf-dist/fonts/type1/public/cm-super/sfrm1000.pfb>
Output written on /home/mir/Disk/Projects/LaTeX/Zpevnik/main.pdf (35 pages, 127593 bytes).
PDF statistics:
 141 PDF objects out of 1000 (max. 8388607)
 98 compressed objects within 1 object stream
 0 named destinations out of 1000 (max. 500000)
 1 words of extra memory for PDF output out of 10000 (max. 10000000)

